2025-10-14 16:42:08,177 - ERROR - 'utf-8' codec can't decode byte 0xd4 in position 10: invalid continuation byte
2025-10-14 16:42:17,869 - ERROR - 'utf-8' codec can't decode byte 0xff in position 0: invalid start byte
2025-10-14 16:44:18,593 - ERROR - 'utf-8' codec can't decode byte 0xaa in position 10: invalid start byte
2025-10-14 16:44:26,161 - ERROR - 'utf-8' codec can't decode byte 0xcd in position 23: invalid continuation byte
2025-10-14 16:44:26,726 - ERROR - 'utf-8' codec can't decode byte 0xff in position 0: invalid start byte
2025-10-14 16:44:31,877 - ERROR - 'utf-8' codec can't decode byte 0xff in position 0: invalid start byte
2025-10-14 16:44:41,080 - ERROR - 'utf-8' codec can't decode byte 0xff in position 0: invalid start byte
2025-10-14 16:44:50,722 - ERROR - 'utf-8' codec can't decode byte 0xff in position 0: invalid start byte
2025-10-14 16:45:10,741 - ERROR - 'utf-8' codec can't decode byte 0xcd in position 2: invalid continuation byte
2025-10-14 16:45:10,742 - ERROR - 'utf-8' codec can't decode byte 0x9c in position 2: invalid start byte
2025-10-14 16:45:10,742 - ERROR - 'utf-8' codec can't decode byte 0xa3 in position 4: invalid start byte
2025-10-14 16:45:10,853 - ERROR - 'utf-8' codec can't decode byte 0xc9 in position 8: invalid continuation byte
2025-10-14 16:45:10,976 - ERROR - 'utf-8' codec can't decode byte 0x81 in position 8: invalid start byte
2025-10-14 16:45:10,979 - ERROR - 'utf-8' codec can't decode byte 0xab in position 0: invalid start byte
2025-10-14 16:45:10,979 - ERROR - 'utf-8' codec can't decode byte 0xca in position 6: invalid continuation byte
2025-10-14 16:45:10,981 - ERROR - 'utf-8' codec can't decode byte 0xa3 in position 4: invalid start byte
2025-10-14 16:45:10,981 - ERROR - 'utf-8' codec can't decode byte 0xab in position 0: invalid start byte
2025-10-14 16:45:10,981 - ERROR - 'utf-8' codec can't decode byte 0xab in position 0: invalid start byte
2025-10-14 16:45:17,139 - ERROR - 'utf-8' codec can't decode byte 0xe8 in position 23: invalid continuation byte
2025-10-14 16:45:19,146 - ERROR - 'utf-8' codec can't decode bytes in position 4-5: invalid continuation byte
2025-10-14 16:45:22,449 - ERROR - 'utf-8' codec can't decode byte 0xcf in position 0: invalid continuation byte
2025-10-14 16:53:10,174 - ERROR - 'utf-8' codec can't decode byte 0xf7 in position 10: invalid start byte
2025-10-14 16:53:10,180 - ERROR - 'utf-8' codec can't decode byte 0xff in position 0: invalid start byte
2025-10-14 16:53:38,543 - ERROR - 'utf-8' codec can't decode byte 0xbe in position 223: invalid start byte
2025-10-14 16:58:11,945 - ERROR - 'utf-8' codec can't decode byte 0xe0 in position 48: invalid continuation byte
2025-10-14 16:58:14,453 - ERROR - 'utf-8' codec can't decode byte 0xf4 in position 48: invalid continuation byte
2025-10-14 16:58:17,440 - ERROR - 'utf-8' codec can't decode byte 0xf4 in position 48: invalid continuation byte
2025-10-14 16:58:19,789 - ERROR - 'utf-8' codec can't decode byte 0xe4 in position 48: invalid continuation byte
2025-10-14 16:58:19,973 - ERROR - 'utf-8' codec can't decode byte 0xfb in position 106: invalid start byte
2025-10-14 16:58:19,989 - ERROR - 'utf-8' codec can't decode byte 0xf6 in position 106: invalid start byte
2025-10-14 16:58:20,473 - ERROR - 'utf-8' codec can't decode byte 0xba in position 11109: invalid start byte
2025-10-14 16:59:49,497 - ERROR - 'utf-8' codec can't decode byte 0xff in position 2: invalid start byte
2025-10-14 17:00:07,866 - ERROR - 'utf-8' codec can't decode byte 0xa0 in position 32: invalid start byte
2025-10-14 17:00:07,885 - ERROR - 'utf-8' codec can't decode byte 0xff in position 0: invalid start byte
2025-10-14 17:00:08,387 - ERROR - 'utf-8' codec can't decode byte 0x86 in position 1: invalid start byte
2025-10-14 17:00:08,390 - ERROR - 'utf-8' codec can't decode byte 0xff in position 0: invalid start byte
2025-10-14 17:00:29,863 - ERROR - 'utf-8' codec can't decode byte 0xf9 in position 74: invalid start byte
2025-10-14 17:00:30,411 - ERROR - 'utf-8' codec can't decode byte 0x84 in position 70: invalid start byte
2025-10-14 17:00:30,422 - ERROR - 'utf-8' codec can't decode byte 0x8e in position 75: invalid start byte
2025-10-14 17:00:30,423 - ERROR - 'utf-8' codec can't decode byte 0xf6 in position 75: invalid start byte
2025-10-14 17:00:30,928 - ERROR - 'utf-8' codec can't decode byte 0x81 in position 73: invalid start byte
2025-10-14 17:00:30,969 - ERROR - 'utf-8' codec can't decode byte 0xdd in position 71: invalid continuation byte
2025-10-14 17:00:30,979 - ERROR - 'utf-8' codec can't decode byte 0xde in position 99: invalid continuation byte
2025-10-14 17:00:30,980 - ERROR - 'utf-8' codec can't decode byte 0x96 in position 71: invalid start byte
2025-10-14 17:00:30,986 - ERROR - 'utf-8' codec can't decode byte 0x86 in position 1: invalid start byte
2025-10-14 17:01:15,102 - ERROR - 'utf-8' codec can't decode byte 0xe0 in position 512: invalid continuation byte
2025-10-14 17:01:15,608 - ERROR - 'utf-8' codec can't decode bytes in position 114-115: invalid continuation byte
2025-10-14 17:01:18,427 - ERROR - 'utf-8' codec can't decode byte 0xd4 in position 8: invalid continuation byte
2025-10-14 17:01:20,425 - ERROR - 'utf-8' codec can't decode byte 0x8d in position 109: invalid start byte
2025-10-14 17:03:10,911 - ERROR - 'utf-8' codec can't decode byte 0xfc in position 65: invalid start byte
2025-10-14 17:04:15,000 - ERROR - 'utf-8' codec can't decode byte 0xe8 in position 23: invalid continuation byte
2025-10-14 17:04:15,268 - ERROR - 'utf-8' codec can't decode byte 0x81 in position 18: invalid start byte
2025-10-14 17:04:16,304 - ERROR - 'utf-8' codec can't decode byte 0x80 in position 10437: invalid start byte
2025-10-14 17:04:19,762 - ERROR - 'utf-8' codec can't decode byte 0xe8 in position 23: invalid continuation byte
2025-10-14 17:04:20,793 - ERROR - 'utf-8' codec can't decode byte 0x83 in position 27: invalid start byte
2025-10-14 17:04:21,826 - ERROR - 'utf-8' codec can't decode byte 0xff in position 12: invalid start byte
2025-10-14 17:04:21,845 - ERROR - 'utf-8' codec can't decode byte 0x84 in position 23: invalid start byte
2025-10-14 17:04:23,817 - ERROR - 'utf-8' codec can't decode byte 0x84 in position 23: invalid start byte
2025-10-14 17:04:25,605 - ERROR - 'utf-8' codec can't decode byte 0xe1 in position 3: invalid continuation byte
2025-10-14 17:04:27,145 - ERROR - 'utf-8' codec can't decode byte 0xf0 in position 33: invalid continuation byte
2025-10-14 17:04:29,845 - ERROR - 'utf-8' codec can't decode byte 0xbc in position 19: invalid start byte
2025-10-14 17:04:39,462 - ERROR - 'utf-8' codec can't decode byte 0xb7 in position 18: invalid start byte
2025-10-14 17:04:39,462 - ERROR - 'utf-8' codec can't decode byte 0xc4 in position 32: invalid continuation byte
2025-10-14 17:04:39,478 - ERROR - 'utf-8' codec can't decode byte 0xf7 in position 33: invalid start byte
2025-10-14 17:04:39,735 - ERROR - 'utf-8' codec can't decode byte 0xca in position 0: invalid continuation byte
2025-10-14 17:04:46,453 - ERROR - 'utf-8' codec can't decode byte 0xb5 in position 2817: invalid start byte
2025-10-14 17:04:47,697 - ERROR - 'utf-8' codec can't decode byte 0xa9 in position 100: invalid start byte
2025-10-14 17:04:59,702 - ERROR - 'utf-8' codec can't decode byte 0xa8 in position 14364: invalid start byte
2025-10-14 17:05:01,719 - ERROR - 'utf-8' codec can't decode byte 0xa5 in position 33: invalid start byte
2025-10-14 17:05:01,731 - ERROR - 'utf-8' codec can't decode byte 0xf0 in position 24: invalid continuation byte
2025-10-14 17:05:01,966 - ERROR - 'utf-8' codec can't decode byte 0xca in position 0: invalid continuation byte
2025-10-14 17:05:40,296 - ERROR - 'utf-8' codec can't decode byte 0xfe in position 10: invalid start byte
2025-10-14 17:05:50,800 - ERROR - 'utf-8' codec can't decode byte 0xa4 in position 339: invalid start byte
2025-10-14 17:06:00,528 - ERROR - 'utf-8' codec can't decode byte 0xd3 in position 10: invalid continuation byte
2025-10-14 17:08:24,706 - ERROR - 'utf-8' codec can't decode byte 0xa3 in position 3496: invalid start byte
2025-10-14 17:10:44,587 - ERROR - 'utf-8' codec can't decode byte 0xd0 in position 314: invalid continuation byte
2025-10-14 17:10:59,470 - ERROR - 'utf-8' codec can't decode byte 0xb5 in position 4292: invalid start byte
2025-10-14 17:11:22,038 - ERROR - 'utf-8' codec can't decode byte 0xe2 in position 10: invalid continuation byte
2025-10-14 17:11:22,329 - ERROR - 'utf-8' codec can't decode byte 0x8b in position 18: invalid start byte
